This is XeTeX, Version 3.141592653-2.6-0.999996 (TeX Live 2024) (preloaded format=xelatex 2024.9.17)  19 OCT 2024 20:39
entering extended mode
 restricted \write18 enabled.
 %&-line parsing enabled.
**2_chapterProbability.tex
(./2_chapterProbability.tex
LaTeX2e <2023-11-01> patch level 1
L3 programming layer <2024-02-20>
(./styles/svmult.cls

LaTeX Warning: You have requested document class `styles/svmult',
               but the document class provides `svmult'.

Document Class: svmult 2007/06/25 v5.4 
Springer Verlag global LaTeX document class for multi authored books

Class Springer-SVMult Warning: Specified option or subpackage "twocolumn" 
(Springer-SVMult)              not found - passing it to article class 
(Springer-SVMult)              - on input line 221.

Class Springer-SVMult Info: extra/valid Springer sub-package 
(Springer-SVMult)           not found in option list - using "global" style.
(c:/texlive/2024/texmf-dist/tex/latex/base/article.cls
Document Class: article 2023/05/17 v1.4n Standard LaTeX document class
(c:/texlive/2024/texmf-dist/tex/latex/base/size10.clo
File: size10.clo 2023/05/17 v1.4n Standard LaTeX file (size option)
)
\c@part=\count184
\c@section=\count185
\c@subsection=\count186
\c@subsubsection=\count187
\c@paragraph=\count188
\c@subparagraph=\count189
\c@figure=\count190
\c@table=\count191
\abovecaptionskip=\skip48
\belowcaptionskip=\skip49
\bibindent=\dimen140
)
\svparindent=\dimen141
\bibindent=\dimen142
\betweenumberspace=\dimen143
\headlineindent=\dimen144
\minitoc=\write3
\c@minitocdepth=\count192
\c@chapter=\count193
\mottowidth=\dimen145
\svitemindent=\dimen146
\verbatimindent=\dimen147
LaTeX Font Info:    Redeclaring math symbol \Gamma on input line 964.
LaTeX Font Info:    Redeclaring math symbol \Delta on input line 965.
LaTeX Font Info:    Redeclaring math symbol \Theta on input line 966.
LaTeX Font Info:    Redeclaring math symbol \Lambda on input line 967.
LaTeX Font Info:    Redeclaring math symbol \Xi on input line 968.
LaTeX Font Info:    Redeclaring math symbol \Pi on input line 969.
LaTeX Font Info:    Redeclaring math symbol \Sigma on input line 970.
LaTeX Font Info:    Redeclaring math symbol \Upsilon on input line 971.
LaTeX Font Info:    Redeclaring math symbol \Phi on input line 972.
LaTeX Font Info:    Redeclaring math symbol \Psi on input line 973.
LaTeX Font Info:    Redeclaring math symbol \Omega on input line 974.
\tocchpnum=\dimen148
\tocsecnum=\dimen149
\tocsectotal=\dimen150
\tocsubsecnum=\dimen151
\tocsubsectotal=\dimen152
\tocsubsubsecnum=\dimen153
\tocsubsubsectotal=\dimen154
\tocparanum=\dimen155
\tocparatotal=\dimen156
\tocsubparanum=\dimen157
\foot@parindent=\dimen158
\spthmsep=\dimen159
\c@theorem=\count194
\c@case=\count195
\c@conjecture=\count196
\c@corollary=\count197
\c@definition=\count198
\c@example=\count199
\c@exercise=\count266
\c@lemma=\count267
\c@note=\count268
\c@problem=\count269
\c@property=\count270
\c@proposition=\count271
\c@question=\count272
\c@solution=\count273
\c@remark=\count274
\c@prob=\count275
\instindent=\dimen160
\figgap=\dimen161
\bildb@x=\box51
\figcapgap=\dimen162
\tabcapgap=\dimen163
\c@merk=\count276
\c@@inst=\count277
\c@@auth=\count278
\c@auco=\count279
\instindent=\dimen164
\authrun=\box52
\authorrunning=\toks17
\tocauthor=\toks18
\titrun=\box53
\titlerunning=\toks19
\toctitle=\toks20
\c@contribution=\count280
LaTeX Info: Redefining \abstract on input line 2321.
)
(c:/texlive/2024/texmf-dist/tex/latex/graphics/color.sty
Package: color 2022/01/06 v1.3d Standard LaTeX Color (DPC)

(c:/texlive/2024/texmf-dist/tex/latex/graphics-cfg/color.cfg
File: color.cfg 2016/01/02 v1.6 sample color configuration
)
Package color Info: Driver file: xetex.def on input line 149.

(c:/texlive/2024/texmf-dist/tex/latex/graphics-def/xetex.def
File: xetex.def 2022/09/22 v5.0n Graphics/color driver for xetex
)
(c:/texlive/2024/texmf-dist/tex/latex/graphics/mathcolor.ltx))
(c:/texlive/2024/texmf-dist/tex/latex/framed/framed.sty
Package: framed 2011/10/22 v 0.96: framed or shaded text with page breaks
\OuterFrameSep=\skip50
\fb@frw=\dimen165
\fb@frh=\dimen166
\FrameRule=\dimen167
\FrameSep=\dimen168
)
(c:/texlive/2024/texmf-dist/tex/latex/fontspec/fontspec.sty
(c:/texlive/2024/texmf-dist/tex/latex/l3packages/xparse/xparse.sty
(c:/texlive/2024/texmf-dist/tex/latex/l3kernel/expl3.sty
Package: expl3 2024-02-20 L3 programming layer (loader) 

(c:/texlive/2024/texmf-dist/tex/latex/l3backend/l3backend-xetex.def
File: l3backend-xetex.def 2024-02-20 L3 backend support: XeTeX
\g__graphics_track_int=\count281
\l__pdf_internal_box=\box54
\g__pdf_backend_object_int=\count282
\g__pdf_backend_annotation_int=\count283
\g__pdf_backend_link_int=\count284
))
Package: xparse 2024-02-18 L3 Experimental document command parser
)
Package: fontspec 2024/02/13 v2.9a Font selection for XeLaTeX and LuaLaTeX

(c:/texlive/2024/texmf-dist/tex/latex/fontspec/fontspec-xetex.sty
Package: fontspec-xetex 2024/02/13 v2.9a Font selection for XeLaTeX and LuaLaTe
X
\l__fontspec_script_int=\count285
\l__fontspec_language_int=\count286
\l__fontspec_strnum_int=\count287
\l__fontspec_tmp_int=\count288
\l__fontspec_tmpa_int=\count289
\l__fontspec_tmpb_int=\count290
\l__fontspec_tmpc_int=\count291
\l__fontspec_em_int=\count292
\l__fontspec_emdef_int=\count293
\l__fontspec_strong_int=\count294
\l__fontspec_strongdef_int=\count295
\l__fontspec_tmpa_dim=\dimen169
\l__fontspec_tmpb_dim=\dimen170
\l__fontspec_tmpc_dim=\dimen171

(c:/texlive/2024/texmf-dist/tex/latex/base/fontenc.sty
Package: fontenc 2021/04/29 v2.0v Standard LaTeX package
)
(c:/texlive/2024/texmf-dist/tex/latex/fontspec/fontspec.cfg)))
(c:/texlive/2024/texmf-dist/tex/latex/polyglossia/polyglossia.sty
Package: polyglossia 2024/03/07 v2.1 Modern multilingual typesetting with XeLaT
eX and LuaLaTeX

(c:/texlive/2024/texmf-dist/tex/latex/etoolbox/etoolbox.sty
Package: etoolbox 2020/10/05 v2.5k e-TeX tools for LaTeX (JAW)
\etb@tempcnta=\count296
)
(c:/texlive/2024/texmf-dist/tex/latex/xkeyval/xkeyval.sty
Package: xkeyval 2022/06/16 v2.9 package option processing (HA)

(c:/texlive/2024/texmf-dist/tex/generic/xkeyval/xkeyval.tex
(c:/texlive/2024/texmf-dist/tex/generic/xkeyval/xkvutils.tex
\XKV@toks=\toks21
\XKV@tempa@toks=\toks22

(c:/texlive/2024/texmf-dist/tex/generic/xkeyval/keyval.tex))
\XKV@depth=\count297
File: xkeyval.tex 2014/12/03 v2.7a key=value parser (HA)
))
(c:/texlive/2024/texmf-dist/tex/generic/iftex/iftex.sty
Package: iftex 2022/02/03 v1.0f TeX engine tests
)
(c:/texlive/2024/texmf-dist/tex/latex/polyglossia/gloss-latex.ldf
File: gloss-latex.ldf polyglossia: module for default language
)
Package polyglossia Info: Default language is latex.
)
(c:/texlive/2024/texmf-dist/tex/latex/polyglossia/gloss-english.ldf
File: gloss-english.ldf polyglossia: module for English
Package polyglossia Info: Option: English, variant=american.
)
Package polyglossia Info: Default language is english.

(c:/texlive/2024/texmf-dist/tex/latex/polyglossia/gloss-bengali.ldf
File: gloss-bengali.ldf polyglossia: module for Bengali

(c:/texlive/2024/texmf-dist/tex/latex/polyglossia/devanagaridigits.sty
Package: devanagaridigits 2010/04/01 v0.1 Formatting of Devanagari digits
)
(c:/texlive/2024/texmf-dist/tex/latex/polyglossia/bengalidigits.sty
Package: bengalidigits 2015/08/07 v.02Formatting of Bengali digits
)
Package polyglossia Info: Option: Bengali, numerals=devanagari.
)

Package fontspec Info: Could not resolve font "Kalpurush/BI" (it probably
(fontspec)             doesn't exist).


Package fontspec Info: Could not resolve font "Kalpurush/B" (it probably
(fontspec)             doesn't exist).


Package fontspec Info: Could not resolve font "Kalpurush/I" (it probably
(fontspec)             doesn't exist).


Package fontspec Info: Font family 'Kalpurush(0)' created for font 'Kalpurush'
(fontspec)             with options [Script=Bengali].
(fontspec)              
(fontspec)              This font family consists of the following NFSS
(fontspec)             series/shapes:
(fontspec)              
(fontspec)             - 'normal' (m/n) with NFSS spec.:
(fontspec)             <->"Kalpurush/OT:script=bng2;language=dflt;"
(fontspec)             - 'small caps'  (m/sc) with NFSS spec.: 


(c:/texlive/2024/texmf-dist/tex/latex/amsfonts/amssymb.sty
Package: amssymb 2013/01/14 v3.01 AMS font symbols

(c:/texlive/2024/texmf-dist/tex/latex/amsfonts/amsfonts.sty
Package: amsfonts 2013/01/14 v3.01 Basic AMSFonts support
\@emptytoks=\toks23
\symAMSa=\mathgroup4
\symAMSb=\mathgroup5
LaTeX Font Info:    Redeclaring math symbol \hbar on input line 98.
LaTeX Font Info:    Overwriting math alphabet `\mathfrak' in version `bold'
(Font)                  U/euf/m/n --> U/euf/b/n on input line 106.
))
(c:/texlive/2024/texmf-dist/tex/latex/amsmath/amsmath.sty
Package: amsmath 2023/05/13 v2.17o AMS math features
\@mathmargin=\skip51

For additional information on amsmath, use the `?' option.
(c:/texlive/2024/texmf-dist/tex/latex/amsmath/amstext.sty
Package: amstext 2021/08/26 v2.01 AMS text

(c:/texlive/2024/texmf-dist/tex/latex/amsmath/amsgen.sty
File: amsgen.sty 1999/11/30 v2.0 generic functions
\@emptytoks=\toks24
\ex@=\dimen172
))
(c:/texlive/2024/texmf-dist/tex/latex/amsmath/amsbsy.sty
Package: amsbsy 1999/11/29 v1.2d Bold Symbols
\pmbraise@=\dimen173
)
(c:/texlive/2024/texmf-dist/tex/latex/amsmath/amsopn.sty
Package: amsopn 2022/04/08 v2.04 operator names
)
\inf@bad=\count298
LaTeX Info: Redefining \frac on input line 234.
\uproot@=\count299
\leftroot@=\count300
LaTeX Info: Redefining \overline on input line 399.
LaTeX Info: Redefining \colon on input line 410.
\classnum@=\count301
\DOTSCASE@=\count302
LaTeX Info: Redefining \ldots on input line 496.
LaTeX Info: Redefining \dots on input line 499.
LaTeX Info: Redefining \cdots on input line 620.
\Mathstrutbox@=\box55
\strutbox@=\box56
LaTeX Info: Redefining \big on input line 722.
LaTeX Info: Redefining \Big on input line 723.
LaTeX Info: Redefining \bigg on input line 724.
LaTeX Info: Redefining \Bigg on input line 725.
\big@size=\dimen174
LaTeX Font Info:    Redeclaring font encoding OML on input line 743.
LaTeX Font Info:    Redeclaring font encoding OMS on input line 744.
\macc@depth=\count303
LaTeX Info: Redefining \bmod on input line 905.
LaTeX Info: Redefining \pmod on input line 910.
LaTeX Info: Redefining \smash on input line 940.
LaTeX Info: Redefining \relbar on input line 970.
LaTeX Info: Redefining \Relbar on input line 971.
\c@MaxMatrixCols=\count304
\dotsspace@=\muskip16
\c@parentequation=\count305
\dspbrk@lvl=\count306
\tag@help=\toks25
\row@=\count307
\column@=\count308
\maxfields@=\count309
\andhelp@=\toks26
\eqnshift@=\dimen175
\alignsep@=\dimen176
\tagshift@=\dimen177
\tagwidth@=\dimen178
\totwidth@=\dimen179
\lineht@=\dimen180
\@envbody=\toks27
\multlinegap=\skip52
\multlinetaggap=\skip53
\mathdisplay@stack=\toks28
LaTeX Info: Redefining \[ on input line 2953.
LaTeX Info: Redefining \] on input line 2954.
)
(c:/texlive/2024/texmf-dist/tex/latex/tools/bm.sty
Package: bm 2023/07/08 v1.2f Bold Symbol Support (DPC/FMi)
\symboldoperators=\mathgroup6
\symboldletters=\mathgroup7
\symboldsymbols=\mathgroup8
Package bm Info: No bold for \OMX/cmex/m/n, using \pmb.
Package bm Info: No bold for \U/msa/m/n, using \pmb.
Package bm Info: No bold for \U/msb/m/n, using \pmb.
LaTeX Font Info:    Redeclaring math alphabet \mathbf on input line 149.
)
LaTeX Font Info:    Redeclaring math alphabet \mathcal on input line 14.

(c:/texlive/2024/texmf-dist/tex/latex/base/textcomp.sty
Package: textcomp 2020/02/02 v2.0n Standard LaTeX package
)
(c:/texlive/2024/texmf-dist/tex/latex/tools/longtable.sty
Package: longtable 2023-11-01 v4.19 Multi-page Table package (DPC)
\LTleft=\skip54
\LTright=\skip55
\LTpre=\skip56
\LTpost=\skip57
\LTchunksize=\count310
\LTcapwidth=\dimen181
\LT@head=\box57
\LT@firsthead=\box58
\LT@foot=\box59
\LT@lastfoot=\box60
\LT@gbox=\box61
\LT@cols=\count311
\LT@rows=\count312
\c@LT@tables=\count313
\c@LT@chunks=\count314
\LT@p@ftn=\toks29
)
(c:/texlive/2024/texmf-dist/tex/latex/algorithm2e/algorithm2e.sty
Invalid UTF-8 byte or sequence at line 284 replaced by U+FFFD.
Invalid UTF-8 byte or sequence at line 299 replaced by U+FFFD.
Invalid UTF-8 byte or sequence at line 550 replaced by U+FFFD.
Package: algorithm2e 2017/07/18 v5.2 algorithms environments
\c@AlgoLine=\count315

(c:/texlive/2024/texmf-dist/tex/latex/base/ifthen.sty
Package: ifthen 2022/04/13 v1.1d Standard LaTeX ifthen package (DPC)
)
\algocf@hangindent=\skip58

(c:/texlive/2024/texmf-dist/tex/latex/ifoddpage/ifoddpage.sty
Package: ifoddpage 2022/10/18 v1.2 Conditionals for odd/even page detection
\c@checkoddpage=\count316
)
(c:/texlive/2024/texmf-dist/tex/latex/tools/xspace.sty
Package: xspace 2014/10/28 v1.13 Space after command names (DPC,MH)
)
(c:/texlive/2024/texmf-dist/tex/latex/relsize/relsize.sty
Package: relsize 2013/03/29 ver 4.1
)
\skiptotal=\skip59
\skiplinenumber=\skip60
\skiprule=\skip61
\skiphlne=\skip62
\skiptext=\skip63
\skiplength=\skip64
\algomargin=\skip65
\skipalgocfslide=\skip66
\algowidth=\dimen182
\inoutsize=\dimen183
\inoutindent=\dimen184
\interspacetitleruled=\dimen185
\interspacealgoruled=\dimen186
\interspacetitleboxruled=\dimen187
\algocf@ruledwidth=\skip67
\algocf@inoutbox=\box62
\algocf@inputbox=\box63
\AlCapSkip=\skip68
\AlCapHSkip=\skip69
\algoskipindent=\skip70
\algocf@nlbox=\box64
\algocf@hangingbox=\box65
\algocf@untilbox=\box66
\algocf@skipuntil=\skip71
\algocf@capbox=\box67
\algocf@lcaptionbox=\skip72
\algoheightruledefault=\skip73
\algoheightrule=\skip74
\algotitleheightruledefault=\skip75
\algotitleheightrule=\skip76
\c@algocfline=\count317
\c@algocfproc=\count318
\c@algocf=\count319
\algocf@algoframe=\box68
\algocf@algobox=\box69
)
(c:/texlive/2024/texmf-dist/tex/latex/tocbibind/tocbibind.sty
Package: tocbibind 2010/10/13 v1.5k extra ToC listings
Package tocbibind Info: The document has chapter divisions on input line 50.


Package tocbibind Note: Using chapter style headings, unless overridden.

) (c:/texlive/2024/texmf-dist/tex/latex/ms/multitoc.sty
Package: multitoc 1999/06/08 v2.01 MultiToc Package (MS)

(c:/texlive/2024/texmf-dist/tex/latex/tools/multicol.sty
Package: multicol 2023/03/30 v1.9f multicolumn formatting (FMi)
\c@tracingmulticols=\count320


Package multicol Warning: May not work with the twocolumn option on input line 
143.

\mult@box=\box70
\multicol@leftmargin=\dimen188
\c@unbalance=\count321
\c@collectmore=\count322
\doublecol@number=\count323
\multicoltolerance=\count324
\multicolpretolerance=\count325
\full@width=\dimen189
\page@free=\dimen190
\premulticols=\dimen191
\postmulticols=\dimen192
\multicolsep=\skip77
\multicolbaselineskip=\skip78
\partial@page=\box71
\last@line=\box72
\mc@boxedresult=\box73
\maxbalancingoverflow=\dimen193
\mult@rightbox=\box74
\mult@grightbox=\box75
\mult@firstbox=\box76
\mult@gfirstbox=\box77
\@tempa=\box78
\@tempa=\box79
\@tempa=\box80
\@tempa=\box81
\@tempa=\box82
\@tempa=\box83
\@tempa=\box84
\@tempa=\box85
\@tempa=\box86
\@tempa=\box87
\@tempa=\box88
\@tempa=\box89
\@tempa=\box90
\@tempa=\box91
\@tempa=\box92
\@tempa=\box93
\@tempa=\box94
\@tempa=\box95
\@tempa=\box96
\@tempa=\box97
\@tempa=\box98
\@tempa=\box99
\@tempa=\box100
\@tempa=\box101
\@tempa=\box102
\@tempa=\box103
\@tempa=\box104
\@tempa=\box105
\@tempa=\box106
\@tempa=\box107
\@tempa=\box108
\@tempa=\box109
\@tempa=\box110
\@tempa=\box111
\@tempa=\box112
\@tempa=\box113
\c@minrows=\count326
\c@columnbadness=\count327
\c@finalcolumnbadness=\count328
\last@try=\dimen194
\multicolovershoot=\dimen195
\multicolundershoot=\dimen196
\mult@nat@firstbox=\box114
\colbreak@box=\box115
\mc@col@check@num=\count329
)) (c:/texlive/2024/texmf-dist/tex/latex/psnfss/mathptmx.sty
Package: mathptmx 2020/03/25 PSNFSS-v9.3 Times w/ Math, improved (SPQR, WaS) 
LaTeX Font Info:    Redeclaring symbol font `operators' on input line 28.
LaTeX Font Info:    Overwriting symbol font `operators' in version `normal'
(Font)                  OT1/cmr/m/n --> OT1/ztmcm/m/n on input line 28.
LaTeX Font Info:    Overwriting symbol font `operators' in version `bold'
(Font)                  OT1/cmr/bx/n --> OT1/ztmcm/m/n on input line 28.
LaTeX Font Info:    Redeclaring symbol font `letters' on input line 29.
LaTeX Font Info:    Overwriting symbol font `letters' in version `normal'
(Font)                  OML/cmm/m/it --> OML/ztmcm/m/it on input line 29.
LaTeX Font Info:    Overwriting symbol font `letters' in version `bold'
(Font)                  OML/cmm/b/it --> OML/ztmcm/m/it on input line 29.
LaTeX Font Info:    Redeclaring symbol font `symbols' on input line 30.
LaTeX Font Info:    Overwriting symbol font `symbols' in version `normal'
(Font)                  OMS/cmsy/m/n --> OMS/ztmcm/m/n on input line 30.
LaTeX Font Info:    Overwriting symbol font `symbols' in version `bold'
(Font)                  OMS/cmsy/b/n --> OMS/ztmcm/m/n on input line 30.
LaTeX Font Info:    Redeclaring symbol font `largesymbols' on input line 31.
LaTeX Font Info:    Overwriting symbol font `largesymbols' in version `normal'
(Font)                  OMX/cmex/m/n --> OMX/ztmcm/m/n on input line 31.
LaTeX Font Info:    Overwriting symbol font `largesymbols' in version `bold'
(Font)                  OMX/cmex/m/n --> OMX/ztmcm/m/n on input line 31.
\symbold=\mathgroup9
\symitalic=\mathgroup10
LaTeX Font Info:    Redeclaring math alphabet \mathbf on input line 34.
LaTeX Font Info:    Redeclaring math alphabet \mathit on input line 35.
LaTeX Font Info:    Overwriting math alphabet `\mathit' in version `normal'
(Font)                  OT1/cmr/m/it --> OT1/ptm/m/it on input line 35.
LaTeX Font Info:    Overwriting math alphabet `\mathit' in version `bold'
(Font)                  OT1/cmr/bx/it --> OT1/ptm/m/it on input line 35.
LaTeX Info: Redefining \hbar on input line 50.
)
(c:/texlive/2024/texmf-dist/tex/latex/psnfss/helvet.sty
Package: helvet 2020/03/25 PSNFSS-v9.3 (WaS) 
)
(c:/texlive/2024/texmf-dist/tex/latex/psnfss/courier.sty
Package: courier 2020/03/25 PSNFSS-v9.3 (WaS) 
)
(c:/texlive/2024/texmf-dist/tex/latex/base/makeidx.sty
Package: makeidx 2021/10/04 v1.0m Standard LaTeX package
)
(c:/texlive/2024/texmf-dist/tex/latex/graphics/graphicx.sty
Package: graphicx 2021/09/16 v1.2d Enhanced LaTeX Graphics (DPC,SPQR)

(c:/texlive/2024/texmf-dist/tex/latex/graphics/graphics.sty
Package: graphics 2022/03/10 v1.4e Standard LaTeX Graphics (DPC,SPQR)

(c:/texlive/2024/texmf-dist/tex/latex/graphics/trig.sty
Package: trig 2021/08/11 v1.11 sin cos tan (DPC)
)
(c:/texlive/2024/texmf-dist/tex/latex/graphics-cfg/graphics.cfg
File: graphics.cfg 2016/06/04 v1.11 sample graphics configuration
)
Package graphics Info: Driver file: xetex.def on input line 107.
)
\Gin@req@height=\dimen197
\Gin@req@width=\dimen198
)
(c:/texlive/2024/texmf-dist/tex/latex/caption/caption.sty
Package: caption 2023/08/05 v3.6o Customizing captions (AR)

(c:/texlive/2024/texmf-dist/tex/latex/caption/caption3.sty
Package: caption3 2023/07/31 v2.4d caption3 kernel (AR)
\caption@tempdima=\dimen199
\captionmargin=\dimen256
\caption@leftmargin=\dimen257
\caption@rightmargin=\dimen258
\caption@width=\dimen259
\caption@indent=\dimen260
\caption@parindent=\dimen261
\caption@hangindent=\dimen262
Package caption Info: Unknown document class (or package),
(caption)             standard defaults will be used.
Package caption Info: \@makecaption = \long macro:#1#2->\captionstyle \ifx \@ca
ptype \fig@type \vskip \figcapgap \fi \setbox \@tempboxa \hbox {{\floatlegendst
yle #1\floatcounterend }\capstrut #2}\ifdim \wd \@tempboxa >\hsize {\floatlegen
dstyle #1\floatcounterend }\capstrut #2\par \else \hbox to\hsize {\leftlegendgl
ue \unhbox \@tempboxa \hfil }\fi \ifx \@captype \fig@type \else \vskip \tabcapg
ap \fi  on input line 1175.
)

Package caption Warning: Unknown document class (or package),
(caption)                standard defaults will be used.
See the caption package documentation for explanation.

\c@caption@flags=\count330
\c@continuedfloat=\count331
Package caption Info: longtable package is loaded.
(c:/texlive/2024/texmf-dist/tex/latex/caption/ltcaption.sty
Package: ltcaption 2021/01/08 v1.4c longtable captions (AR)
))
(c:/texlive/2024/texmf-dist/tex/latex/subfig/subfig.sty
Package: subfig 2005/06/28 ver: 1.3 subfig package
\c@KVtest=\count332
\sf@farskip=\skip79
\sf@captopadj=\dimen263
\sf@capskip=\skip80
\sf@nearskip=\skip81
\c@subfigure=\count333
\c@subfigure@save=\count334
\c@lofdepth=\count335
\c@subtable=\count336
\c@subtable@save=\count337
\c@lotdepth=\count338
\sf@top=\skip82
\sf@bottom=\skip83
)
(c:/texlive/2024/texmf-dist/tex/latex/multirow/multirow.sty
Package: multirow 2021/03/15 v2.8 Span multiple rows of a table
\multirow@colwidth=\skip84
\multirow@cntb=\count339
\multirow@dima=\skip85
\bigstrutjot=\dimen264
)
(c:/texlive/2024/texmf-dist/tex/latex/footmisc/footmisc.sty
Package: footmisc 2023/07/05 v6.0f a miscellany of footnote facilities
\FN@temptoken=\toks30
\footnotemargin=\dimen265
\@outputbox@depth=\dimen266
Package footmisc Info: Declaring symbol style bringhurst on input line 696.
Package footmisc Info: Declaring symbol style chicago on input line 704.
Package footmisc Info: Declaring symbol style wiley on input line 713.
Package footmisc Info: Declaring symbol style lamport-robust on input line 724.

Package footmisc Info: Declaring symbol style lamport* on input line 744.
Package footmisc Info: Declaring symbol style lamport*-robust on input line 765
.
)
(c:/texlive/2024/texmf-dist/tex/latex/hyperref/hyperref.sty
Package: hyperref 2024-01-20 v7.01h Hypertext links for LaTeX

(c:/texlive/2024/texmf-dist/tex/latex/kvsetkeys/kvsetkeys.sty
Package: kvsetkeys 2022-10-05 v1.19 Key value parser (HO)
)
(c:/texlive/2024/texmf-dist/tex/generic/kvdefinekeys/kvdefinekeys.sty
Package: kvdefinekeys 2019-12-19 v1.6 Define keys (HO)
)
(c:/texlive/2024/texmf-dist/tex/generic/pdfescape/pdfescape.sty
Package: pdfescape 2019/12/09 v1.15 Implements pdfTeX's escape features (HO)

(c:/texlive/2024/texmf-dist/tex/generic/ltxcmds/ltxcmds.sty
Package: ltxcmds 2023-12-04 v1.26 LaTeX kernel commands for general use (HO)
)
(c:/texlive/2024/texmf-dist/tex/generic/pdftexcmds/pdftexcmds.sty
Package: pdftexcmds 2020-06-27 v0.33 Utility functions of pdfTeX for LuaTeX (HO
)

(c:/texlive/2024/texmf-dist/tex/generic/infwarerr/infwarerr.sty
Package: infwarerr 2019/12/03 v1.5 Providing info/warning/error messages (HO)
)
Package pdftexcmds Info: \pdf@primitive is available.
Package pdftexcmds Info: \pdf@ifprimitive is available.
Package pdftexcmds Info: \pdfdraftmode not found.
))
(c:/texlive/2024/texmf-dist/tex/latex/hycolor/hycolor.sty
Package: hycolor 2020-01-27 v1.10 Color options for hyperref/bookmark (HO)
)
(c:/texlive/2024/texmf-dist/tex/latex/auxhook/auxhook.sty
Package: auxhook 2019-12-17 v1.6 Hooks for auxiliary files (HO)
)
(c:/texlive/2024/texmf-dist/tex/latex/hyperref/nameref.sty
Package: nameref 2023-11-26 v2.56 Cross-referencing by name of section

(c:/texlive/2024/texmf-dist/tex/latex/refcount/refcount.sty
Package: refcount 2019/12/15 v3.6 Data extraction from label references (HO)
)
(c:/texlive/2024/texmf-dist/tex/generic/gettitlestring/gettitlestring.sty
Package: gettitlestring 2019/12/15 v1.6 Cleanup title references (HO)

(c:/texlive/2024/texmf-dist/tex/latex/kvoptions/kvoptions.sty
Package: kvoptions 2022-06-15 v3.15 Key value format for package options (HO)
))
\c@section@level=\count340
)
\@linkdim=\dimen267
\Hy@linkcounter=\count341
\Hy@pagecounter=\count342

(c:/texlive/2024/texmf-dist/tex/latex/hyperref/pd1enc.def
File: pd1enc.def 2024-01-20 v7.01h Hyperref: PDFDocEncoding definition (HO)
)
(c:/texlive/2024/texmf-dist/tex/generic/intcalc/intcalc.sty
Package: intcalc 2019/12/15 v1.3 Expandable calculations with integers (HO)
)
\Hy@SavedSpaceFactor=\count343

(c:/texlive/2024/texmf-dist/tex/latex/hyperref/puenc.def
File: puenc.def 2024-01-20 v7.01h Hyperref: PDF Unicode definition (HO)
)
Package hyperref Info: Option `bookmarksnumbered' set `true' on input line 4062
.
Package hyperref Info: Option `bookmarksopen' set `true' on input line 4062.
Package hyperref Info: Option `colorlinks' set `true' on input line 4062.
Package hyperref Info: Hyper figures OFF on input line 4179.
Package hyperref Info: Link nesting OFF on input line 4184.
Package hyperref Info: Hyper index ON on input line 4187.
Package hyperref Info: Plain pages OFF on input line 4194.
Package hyperref Info: Backreferencing OFF on input line 4199.
Package hyperref Info: Implicit mode ON; LaTeX internals redefined.
Package hyperref Info: Bookmarks ON on input line 4446.
\c@Hy@tempcnt=\count344

(c:/texlive/2024/texmf-dist/tex/latex/url/url.sty
\Urlmuskip=\muskip17
Package: url 2013/09/16  ver 3.4  Verb mode for urls, etc.
)
LaTeX Info: Redefining \url on input line 4784.
\XeTeXLinkMargin=\dimen268

(c:/texlive/2024/texmf-dist/tex/generic/bitset/bitset.sty
Package: bitset 2019/12/09 v1.3 Handle bit-vector datatype (HO)

(c:/texlive/2024/texmf-dist/tex/generic/bigintcalc/bigintcalc.sty
Package: bigintcalc 2019/12/15 v1.5 Expandable calculations on big integers (HO
)
))
\Fld@menulength=\count345
\Field@Width=\dimen269
\Fld@charsize=\dimen270
Package hyperref Info: Hyper figures OFF on input line 6063.
Package hyperref Info: Link nesting OFF on input line 6068.
Package hyperref Info: Hyper index ON on input line 6071.
Package hyperref Info: backreferencing OFF on input line 6078.
Package hyperref Info: Link coloring ON on input line 6081.
Package hyperref Info: Link coloring with OCG OFF on input line 6088.
Package hyperref Info: PDF/A mode OFF on input line 6093.

(c:/texlive/2024/texmf-dist/tex/latex/base/atbegshi-ltx.sty
Package: atbegshi-ltx 2021/01/10 v1.0c Emulation of the original atbegshi
package with kernel methods
)
\Hy@abspage=\count346
\c@Item=\count347
\c@Hfootnote=\count348
)
Package hyperref Info: Driver (autodetected): hxetex.

(c:/texlive/2024/texmf-dist/tex/latex/hyperref/hxetex.def
File: hxetex.def 2024-01-20 v7.01h Hyperref driver for XeTeX

(c:/texlive/2024/texmf-dist/tex/generic/stringenc/stringenc.sty
Package: stringenc 2019/11/29 v1.12 Convert strings between diff. encodings (HO
)
)
\pdfm@box=\box116
\c@Hy@AnnotLevel=\count349
\HyField@AnnotCount=\count350
\Fld@listcount=\count351
\c@bookmark@seq@number=\count352

(c:/texlive/2024/texmf-dist/tex/latex/rerunfilecheck/rerunfilecheck.sty
Package: rerunfilecheck 2022-07-10 v1.10 Rerun checks for auxiliary files (HO)

(c:/texlive/2024/texmf-dist/tex/latex/base/atveryend-ltx.sty
Package: atveryend-ltx 2020/08/19 v1.0a Emulation of the original atveryend pac
kage
with kernel methods
)
(c:/texlive/2024/texmf-dist/tex/generic/uniquecounter/uniquecounter.sty
Package: uniquecounter 2019/12/15 v1.4 Provide unlimited unique counter (HO)
)
Package uniquecounter Info: New unique counter `rerunfilecheck' on input line 2
85.
)
\Hy@SectionHShift=\skip86
)
\@indexfile=\write4
\openout4 = `2_chapterProbability.idx'.


Writing index file 2_chapterProbability.idx
LaTeX Font Info:    Trying to load font information for TU+ptm on input line 44
.
LaTeX Font Info:    No file TUptm.fd. on input line 44.

LaTeX Font Warning: Font shape `TU/ptm/m/n' undefined
(Font)              using `TU/lmr/m/n' instead on input line 44.

No file 2_chapterProbability.aux.
\openout1 = `2_chapterProbability.aux'.

LaTeX Font Info:    Checking defaults for OML/cmm/m/it on input line 44.
LaTeX Font Info:    ... okay on input line 44.
LaTeX Font Info:    Checking defaults for OMS/cmsy/m/n on input line 44.
LaTeX Font Info:    ... okay on input line 44.
LaTeX Font Info:    Checking defaults for OT1/cmr/m/n on input line 44.
LaTeX Font Info:    ... okay on input line 44.
LaTeX Font Info:    Checking defaults for T1/cmr/m/n on input line 44.
LaTeX Font Info:    ... okay on input line 44.
LaTeX Font Info:    Checking defaults for TS1/cmr/m/n on input line 44.
LaTeX Font Info:    Trying to load font information for TS1+cmr on input line 4
4.
(c:/texlive/2024/texmf-dist/tex/latex/base/ts1cmr.fd
File: ts1cmr.fd 2023/04/13 v2.5m Standard LaTeX font definitions
)
LaTeX Font Info:    ... okay on input line 44.
LaTeX Font Info:    Checking defaults for TU/lmr/m/n on input line 44.
LaTeX Font Info:    ... okay on input line 44.
LaTeX Font Info:    Checking defaults for OMX/cmex/m/n on input line 44.
LaTeX Font Info:    ... okay on input line 44.
LaTeX Font Info:    Checking defaults for U/cmr/m/n on input line 44.
LaTeX Font Info:    ... okay on input line 44.
LaTeX Font Info:    Checking defaults for PD1/pdf/m/n on input line 44.
LaTeX Font Info:    ... okay on input line 44.
LaTeX Font Info:    Checking defaults for PU/pdf/m/n on input line 44.
LaTeX Font Info:    ... okay on input line 44.
Package caption Info: Begin \AtBeginDocument code.
Package caption Info: subfig package v1.3 is loaded.
Package caption Info: hyperref package is loaded.
Package caption Info: End \AtBeginDocument code.
Package hyperref Info: Link coloring ON on input line 44.
\@outlinefile=\write5
\openout5 = `2_chapterProbability.out'.



Package hyperref Warning: Rerun to get /PageLabels entry.

LaTeX Info: Redefining \rmfamily on input line 44.
LaTeX Info: Redefining \sffamily on input line 44.
LaTeX Info: Redefining \ttfamily on input line 44.

LaTeX Font Warning: Font shape `TU/ptm/b/n' undefined
(Font)              using `TU/ptm/m/n' instead on input line 48.


Package mathptmx Warning: There are no bold math fonts on input line 48.


LaTeX Font Warning: Font shape `TU/Kalpurush(0)/b/n' undefined
(Font)              using `TU/Kalpurush(0)/m/n' instead on input line 52.


Underfull \hbox (badness 10000) in paragraph at lines 54--55
[]\TU/Kalpurush(0)/b/n/10 প্রবাবিলিটির আরেকটা ব্যাখ্যা দাড় করানো হয়
 []

LaTeX Font Info:    Trying to load font information for OT1+ztmcm on input line
 66.
(c:/texlive/2024/texmf-dist/tex/latex/psnfss/ot1ztmcm.fd
File: ot1ztmcm.fd 2000/01/03 Fontinst v1.801 font definitions for OT1/ztmcm.
)
LaTeX Font Info:    Trying to load font information for OML+ztmcm on input line
 66.

(c:/texlive/2024/texmf-dist/tex/latex/psnfss/omlztmcm.fd
File: omlztmcm.fd 2000/01/03 Fontinst v1.801 font definitions for OML/ztmcm.
)
LaTeX Font Info:    Trying to load font information for OMS+ztmcm on input line
 66.

(c:/texlive/2024/texmf-dist/tex/latex/psnfss/omsztmcm.fd
File: omsztmcm.fd 2000/01/03 Fontinst v1.801 font definitions for OMS/ztmcm.
)
LaTeX Font Info:    Trying to load font information for OMX+ztmcm on input line
 66.

(c:/texlive/2024/texmf-dist/tex/latex/psnfss/omxztmcm.fd
File: omxztmcm.fd 2000/01/03 Fontinst v1.801 font definitions for OMX/ztmcm.
)
LaTeX Font Info:    Trying to load font information for OT1+ptm on input line 6
6.

(c:/texlive/2024/texmf-dist/tex/latex/psnfss/ot1ptm.fd
File: ot1ptm.fd 2001/06/04 font definitions for OT1/ptm.
)
LaTeX Font Info:    Font shape `OT1/ptm/bx/n' in size <10> not available
(Font)              Font shape `OT1/ptm/b/n' tried instead on input line 66.
LaTeX Font Info:    Font shape `OT1/ptm/bx/n' in size <7.4> not available
(Font)              Font shape `OT1/ptm/b/n' tried instead on input line 66.
LaTeX Font Info:    Font shape `OT1/ptm/bx/n' in size <6> not available
(Font)              Font shape `OT1/ptm/b/n' tried instead on input line 66.

Missing character: There is no 𝑋 ("1D44B) in font zptmcm7m!

Underfull \hbox (badness 2318) in paragraph at lines 72--74
\TU/Kalpurush(0)/b/n/10 Discrete random variable: $\OML/ztmcm/m/it/10 X$ \TU/Ka
lpurush(0)/b/n/10 একটা সীমিত(finite)
 []

Missing character: There is no 𝐹 ("1D439) in font zptmcm7m!
Missing character: There is no 𝑥 ("1D465) in font zptmcm7m!
Missing character: There is no • (U+2022) in font Kalpurush/OT:script=bng2;lang
uage=dflt;!
! Undefined control sequence.
l.91 ...-{\bengalifont এর মান} $x$-{\bengalifontএর
                                                   কম বা সমান হওয়ার সম্ভাবনা।}

? 
Missing character: There is no • (U+2022) in font Kalpurush/OT:script=bng2;lang
uage=dflt;!
Missing character: There is no • (U+2022) in font Kalpurush/OT:script=bng2;lang
uage=dflt;!

Underfull \hbox (badness 1117) in paragraph at lines 93--94
[]$\OML/ztmcm/m/it/10 f\OT1/ztmcm/m/n/10 (\OML/ztmcm/m/it/10 u\OT1/ztmcm/m/n/10
 )$ \TU/Kalpurush(0)/b/n/10 হচ্ছে কন্টিনিউয়াস ভ্যারিয়েবেলের জন্যে প্রবাবিলিটি
 []

Missing character: There is no • (U+2022) in font Kalpurush/OT:script=bng2;lang
uage=dflt;!
Missing character: There is no • (U+2022) in font Kalpurush/OT:script=bng2;lang
uage=dflt;!
Missing character: There is no ≤ ("2264) in font zptmcm7t!
Missing character: There is no ≤ ("2264) in font zptmcm7t!
Missing character: There is no • (U+2022) in font Kalpurush/OT:script=bng2;lang
uage=dflt;!
Missing character: There is no • (U+2022) in font Kalpurush/OT:script=bng2;lang
uage=dflt;!

Overfull \vbox (5.661pt too high) has occurred while \output is active []

 [1

]
Overfull \hbox (33.76778pt too wide) detected at line 169
[][][]\OML/ztmcm/m/it/10 F\OT1/ztmcm/m/n/10 (\OML/ztmcm/m/it/10 x; y\OT1/ztmcm/
m/n/10 ) \U/msa/m/n/10 , \OML/ztmcm/m/it/10 P\OT1/ztmcm/m/n/10 (\OML/ztmcm/m/it
/10 X \OMS/ztmcm/m/n/10 ^^T \OML/ztmcm/m/it/10 x; Y \OMS/ztmcm/m/n/10 ^^T \OML/
ztmcm/m/it/10 y\OT1/ztmcm/m/n/10 ) = []
 []

Missing character: There is no • (U+2022) in font Kalpurush/OT:script=bng2;lang
uage=dflt;!
Missing character: There is no • (U+2022) in font Kalpurush/OT:script=bng2;lang
uage=dflt;!
Missing character: There is no • (U+2022) in font Kalpurush/OT:script=bng2;lang
uage=dflt;!

Underfull \hbox (badness 2626) in paragraph at lines 174--175
[]$[][] [][] \OML/ztmcm/m/it/10 f\OT1/ztmcm/m/n/10 (\OML/ztmcm/m/it/10 u; v\OT1
/ztmcm/m/n/10 ) \OML/ztmcm/m/it/10 du dv$ \TU/Kalpurush(0)/b/n/10 হচ্ছে কন্টিনি
উয়াস ভ্যারিয়েবেলের
 []

Missing character: There is no • (U+2022) in font Kalpurush/OT:script=bng2;lang
uage=dflt;!
Missing character: There is no • (U+2022) in font Kalpurush/OT:script=bng2;lang
uage=dflt;!
Missing character: There is no • (U+2022) in font Kalpurush/OT:script=bng2;lang
uage=dflt;!
Missing character: There is no • (U+2022) in font Kalpurush/OT:script=bng2;lang
uage=dflt;!
! Misplaced alignment tab character &.
l.210 {\bengalifont Discrete case &
                                    continuous case এর জন্যে marginal  CDF-  }
? 
! Undefined control sequence.
<argument> ...int _{-\infty }^{x} \int _{-\finite 
                                                  }^{+\infty } f(u, v) du dv...
l.218 \end{split}
                 \end{equation}
? 
! Undefined control sequence.
<argument> ...int _{-\infty }^{x} \int _{-\finite 
                                                  }^{+\infty } f(u, v) du dv...
l.218 \end{split}
                 \end{equation}
? 

Overfull \hbox (44.00543pt too wide) detected at line 218
[]
 []

Missing character: There is no • (U+2022) in font Kalpurush/OT:script=bng2;lang
uage=dflt;!
Missing character: There is no • (U+2022) in font Kalpurush/OT:script=bng2;lang
uage=dflt;!

Overfull \hbox (44.74847pt too wide) detected at line 231
[]
 []

Missing character: There is no • (U+2022) in font Kalpurush/OT:script=bng2;lang
uage=dflt;!
Missing character: There is no • (U+2022) in font Kalpurush/OT:script=bng2;lang
uage=dflt;!

Overfull \vbox (5.661pt too high) has occurred while \output is active []

 [2]
Missing character: There is no • (U+2022) in font Kalpurush/OT:script=bng2;lang
uage=dflt;!
! Misplaced alignment tab character &.
l.259 ...em $\dfrac{p(X=x_i,Y=y_j)}{p(Y=y_j)}, X &
                                                   Y $ {\bengalifont এর জয়েন...

? 
Missing character: There is no • (U+2022) in font Kalpurush/OT:script=bng2;lang
uage=dflt;!
Missing character: There is no • (U+2022) in font Kalpurush/OT:script=bng2;lang
uage=dflt;!
! Misplaced alignment tab character &.
l.269     \item $ p(X=x_i,Y=y_j), X &
                                      Y $ {\bengalifont এর জয়েন্ট প্রবাবিলিটি }

? 
Missing character: There is no • (U+2022) in font Kalpurush/OT:script=bng2;lang
uage=dflt;!
Missing character: There is no • (U+2022) in font Kalpurush/OT:script=bng2;lang
uage=dflt;!
Missing character: There is no • (U+2022) in font Kalpurush/OT:script=bng2;lang
uage=dflt;!
Missing character: There is no • (U+2022) in font Kalpurush/OT:script=bng2;lang
uage=dflt;!
Missing character: There is no − ("2212) in font zptmcm7t!

Overfull \vbox (5.661pt too high) has occurred while \output is active []

 [3]
LaTeX Font Info:    Trying to load font information for TU+pcr on input line 33
5.
LaTeX Font Info:    No file TUpcr.fd. on input line 335.


LaTeX Font Warning: Font shape `TU/pcr/m/n' undefined
(Font)              using `TU/lmr/m/n' instead on input line 335.


Underfull \hbox (badness 10000) in paragraph at lines 335--336
[][][]$[][][][][] [] [] [] [][] [] [][][][][][][][][] [] [][][] [] [][][][] [] 
[][][][][][][][][][][][] []
 []


LaTeX Warning: Reference `tab:multinomial-summary' on page 4 undefined on input
 line 376.

LaTeX Font Info:    Calculating math sizes for size <8.5> on input line 382.

LaTeX Font Warning: Font shape `OT1/cmr/bx/n' in size <8.5> not available
(Font)              size <8> substituted on input line 382.


LaTeX Font Warning: Font shape `OML/cmm/b/it' in size <8.5> not available
(Font)              size <8> substituted on input line 382.


LaTeX Font Warning: Font shape `OMS/cmsy/b/n' in size <8.5> not available
(Font)              size <8> substituted on input line 382.


LaTeX Font Warning: Font shape `OMS/cmsy/m/n' in size <8.5> not available
(Font)              size <8> substituted on input line 382.

LaTeX Font Info:    Font shape `OT1/ptm/bx/n' in size <8.5> not available
(Font)              Font shape `OT1/ptm/b/n' tried instead on input line 382.
LaTeX Font Info:    Font shape `OT1/ptm/bx/n' in size <6.29004> not available
(Font)              Font shape `OT1/ptm/b/n' tried instead on input line 382.
LaTeX Font Info:    Font shape `OT1/ptm/bx/n' in size <5.10005> not available
(Font)              Font shape `OT1/ptm/b/n' tried instead on input line 382.

Overfull \vbox (5.7545pt too high) has occurred while \output is active []


[4]
Underfull \hbox (badness 10000) in paragraph at lines 426--426
[] [][][][]$[][][][] [] [] [] [][] [] [][][][][][][][][] [] [][][] [] [][][][] 
[] [][][][][][][][][] [] [][][][][][][][][][][][] []
 []


Overfull \hbox (10.47014pt too wide) in paragraph at lines 478--485
 [][] 
 []


LaTeX Warning: Reference `fig:pdfs-for-NTL' on page 5 undefined on input line 4
90.

File: figures/pdfs-for-NTL-a.png Graphic file (type bmp)
<figures/pdfs-for-NTL-a.png>
File: figures/pdfs-for-NTL-b.png Graphic file (type bmp)
<figures/pdfs-for-NTL-b.png>

LaTeX Warning: Reference `fig:robustness' on page 5 undefined on input line 502
.


LaTeX Warning: Reference `fig:pdfs-for-NTL' on page 5 undefined on input line 5
02.

File: figures/robustness-a.png Graphic file (type bmp)
<figures/robustness-a.png>
File: figures/robustness-b.png Graphic file (type bmp)
<figures/robustness-b.png>

LaTeX Warning: Reference `fig:pdfs-for-NTL' on page 5 undefined on input line 5
30.


LaTeX Warning: Reference `fig:robustness' on page 5 undefined on input line 532
.


LaTeX Warning: Reference `fig:gamma-distribution' on page 5 undefined on input 
line 549.

File: figures/gamma-distribution-a.png Graphic file (type bmp)
<figures/gamma-distribution-a.png>
File: figures/gamma-distribution-b.png Graphic file (type bmp)
<figures/gamma-distribution-b.png>

Overfull \vbox (5.661pt too high) has occurred while \output is active []

 [5]
Overfull \vbox (5.661pt too high) has occurred while \output is active []

 [6]

LaTeX Warning: Reference `fig:beta-distribution' on page 7 undefined on input l
ine 579.

File: figures/beta-distribution.png Graphic file (type bmp)
<figures/beta-distribution.png>

LaTeX Warning: Reference `fig:Pareto-distribution' on page 7 undefined on input
 line 605.


LaTeX Warning: Reference `fig:Pareto-distribution' on page 7 undefined on input
 line 605.

File: figures/pareto-distribution-a.png Graphic file (type bmp)
<figures/pareto-distribution-a.png>
File: figures/pareto-distribution-b.png Graphic file (type bmp)
<figures/pareto-distribution-b.png>

Overfull \vbox (5.746pt too high) has occurred while \output is active []

 [7]
Underfull \hbox (badness 10000) in paragraph at lines 617--617
[] [][][][]$[][][][] [] [] [] [][] [] [][][][][][][][][] [] [][][] [] [][][][] 
[] [][][][][][][][][][][][] [] [][][][][][] []
 []


Underfull \hbox (badness 10000) in paragraph at lines 617--617
[] [][][][]$[][][][] [] [] [] [][] [] [][][][][][][][][] [] [][][] [] [][][][] 
[] [][][][][] [] [][][][][][][][][][][] []
 []


Overfull \vbox (5.661pt too high) has occurred while \output is active []

 [8]

LaTeX Warning: Reference `fig:Correlation-examples' on page 9 undefined on inpu
t line 661.

File: figures/Correlation-examples.png Graphic file (type bmp)
<figures/Correlation-examples.png>

LaTeX Warning: Reference `fig:Correlation-examples' on page 9 undefined on inpu
t line 669.


Underfull \hbox (badness 3884) in paragraph at lines 674--675
\TU/Kalpurush(0)/b/n/10 The multivariate Gaussian or multivariate nor-
 []


Overfull \hbox (6.55394pt too wide) detected at line 679
[][][]\OMS/cmsy/m/n/10 N\OT1/ztmcm/m/n/10 ([]\OMS/ztmcm/m/n/10 j[]\OML/ztmcm/m/
it/10 ; ^^F\OT1/ztmcm/m/n/10 ) \U/msa/m/n/10 , [] [] []
 []


LaTeX Warning: Reference `fig:2d-Gaussions' on page 9 undefined on input line 6
82.

File: figures/2d-Gaussions-a.png Graphic file (type bmp)
<figures/2d-Gaussions-a.png>
File: figures/2d-Gaussions-b.png Graphic file (type bmp)
<figures/2d-Gaussions-b.png>
File: figures/2d-Gaussions-c.png Graphic file (type bmp)
<figures/2d-Gaussions-c.png>
File: figures/2d-Gaussions-d.png Graphic file (type bmp)
<figures/2d-Gaussions-d.png>

LaTeX Warning: Float too large for page by 33.31079pt on input line 692.


LaTeX Warning: Reference `fig:3d-Dirichlet' on page 9 undefined on input line 7
24.


LaTeX Warning: Reference `fig:5d-Dirichlet' on page 9 undefined on input line 7
24.

Missing character: There is no α (U+03B1) in font Kalpurush/OT:script=bng2;lang
uage=dflt;!

Overfull \vbox (5.661pt too high) has occurred while \output is active []

 [9]
File: figures/3d-Dirichlet-a.png Graphic file (type bmp)
<figures/3d-Dirichlet-a.png>
File: figures/3d-Dirichlet-b.png Graphic file (type bmp)
<figures/3d-Dirichlet-b.png>
File: figures/3d-Dirichlet-c.png Graphic file (type bmp)
<figures/3d-Dirichlet-c.png>
File: figures/3d-Dirichlet-d.png Graphic file (type bmp)
<figures/3d-Dirichlet-d.png>


LaTeX Warning: Float too large for page by 9.44197pt on input line 734.

File: figures/5d-Dirichlet-a.png Graphic file (type bmp)
<figures/5d-Dirichlet-a.png>
File: figures/5d-Dirichlet-b.png Graphic file (type bmp)
<figures/5d-Dirichlet-b.png>

LaTeX Warning: Reference `eqn:transformation-discrete' on page 10 undefined on 
input line 779.


Overfull \vbox (5.661pt too high) has occurred while \output is active []

 [10]
Overfull \vbox (5.661pt too high) has occurred while \output is active []

 [11]
Missing character: There is no − ("2212) in font zptmcm7t!

Underfull \hbox (badness 10000) in paragraph at lines 812--812
[] [][][][]$[][][][] [] [] [] [][] [] [][][][][][][][][] [] [][][] [] [][][][] 
[] [][][][][][][][][][][] [] [][][][][][][][][][][] []
 []


Overfull \vbox (5.661pt too high) has occurred while \output is active []

 [12]
Missing character: There is no § (U+00A7) in font Kalpurush/OT:script=bng2;lang
uage=dflt;!

LaTeX Warning: Reference `sec:Entropy' on page 13 undefined on input line 867.


LaTeX Font Warning: Font shape `TU/Kalpurush(0)/m/it' undefined
(Font)              using `TU/Kalpurush(0)/m/n' instead on input line 867.


LaTeX Font Warning: Font shape `TU/Kalpurush(0)/b/it' undefined
(Font)              using `TU/Kalpurush(0)/b/n' instead on input line 872.


Underfull \hbox (badness 6808) in paragraph at lines 872--873
[]\TU/Kalpurush(0)/m/it/10 (Information inequality) $[]\OT1/ztmcm/m/n/10 (\OML/
ztmcm/m/it/10 p\OMS/ztmcm/m/n/10 jj\OML/ztmcm/m/it/10 q\OT1/ztmcm/m/n/10 ) \OMS
/ztmcm/m/n/10 ^^U
 []


Underfull \hbox (badness 1248) in paragraph at lines 886--888
\TU/pcr/m/n/10 We have $\U/msb/m/n/10 I\OT1/ztmcm/m/n/10 (\OML/ztmcm/m/it/10 X\
OT1/ztmcm/m/n/10 ; \OML/ztmcm/m/it/10 Y\OT1/ztmcm/m/n/10 ) \OMS/ztmcm/m/n/10 ^^
U \OT1/ztmcm/m/n/10 0$ \TU/pcr/m/n/10 with equality if $\OML/ztmcm/m/it/10 P\OT
1/ztmcm/m/n/10 (\OML/ztmcm/m/it/10 X; Y\OT1/ztmcm/m/n/10 ) =
 []


Overfull \vbox (5.661pt too high) has occurred while \output is active []

 [13]

LaTeX Warning: Reference `fig:mi' on page 14 undefined on input line 897.

File: figures/mutual-information.png Graphic file (type bmp)
<figures/mutual-information.png>

Underfull \hbox (badness 1655) in paragraph at lines 913--914
[]\TU/Kalpurush(0)/m/it/10 This measures the discrepancy between these
 []


Overfull \vbox (5.7545pt too high) has occurred while \output is active []


[14

] (./2_chapterProbability.aux)
 ***********
LaTeX2e <2023-11-01> patch level 1
L3 programming layer <2024-02-20>
 ***********


LaTeX Font Warning: Size substitutions with differences
(Font)              up to 0.5pt have occurred.


LaTeX Font Warning: Some font shapes were not available, defaults substituted.


LaTeX Warning: There were undefined references.


LaTeX Warning: Label(s) may have changed. Rerun to get cross-references right.


Package rerunfilecheck Warning: File `2_chapterProbability.out' has changed.
(rerunfilecheck)                Rerun to get outlines right
(rerunfilecheck)                or use package `bookmark'.

Package rerunfilecheck Info: Checksums for `2_chapterProbability.out':
(rerunfilecheck)             Before: <no file>
(rerunfilecheck)             After:  570562265A489FFC1B2DC13FEE4A7037;7470.
 ) 
Here is how much of TeX's memory you used:
 17681 strings out of 474772
 346708 string characters out of 5761268
 1953842 words of memory out of 5000000
 39541 multiletter control sequences out of 15000+600000
 582374 words of font info for 117 fonts, out of 8000000 for 9000
 1348 hyphenation exceptions out of 8191
 79i,21n,117p,815b,584s stack positions out of 10000i,1000n,20000p,200000b,200000s

Output written on 2_chapterProbability.pdf (14 pages).
