\BOOKMARK [1][]{section.0.1}{\376\377\0000\000.\0001\000\040\000F\000r\000e\000q\000u\000e\000n\000t\000i\000s\000t\000s\000\040\000v\000s\000.\000\040\000B\000a\000y\000e\000s\000i\000a\000n\000s}{}% 1
\BOOKMARK [1][]{section.0.2}{\376\377\0000\000.\0002\000\040\000A\000\040\000b\000r\000i\000e\000f\000\040\000r\000e\000v\000i\000e\000w\000\040\000o\000f\000\040\000p\000r\000o\000b\000a\000b\000i\000l\000i\000t\000y\000\040\000t\000h\000e\000o\000r\000y}{}% 2
\BOOKMARK [2][]{subsection.0.2.1}{\376\377\0000\000.\0002\000.\0001\000\040\000B\000a\000s\000i\000c\000\040\000c\000o\000n\000c\000e\000p\000t\000s}{section.0.2}% 3
\BOOKMARK [2][]{subsection.0.2.2}{\376\377\0000\000.\0002\000.\0002\000\040\000M\000u\000t\000i\000v\000a\000r\000i\000a\000t\000e\000\040\000r\000a\000n\000d\000o\000m\000\040\000v\000a\000r\000i\000a\000b\000l\000e\000s}{section.0.2}% 4
\BOOKMARK [2][]{subsection.0.2.3}{\376\377\0000\000.\0002\000.\0003\000\040\000B\000a\000y\000e\000s\000\040\000r\000u\000l\000e}{section.0.2}% 5
\BOOKMARK [2][]{subsection.0.2.4}{\376\377\0000\000.\0002\000.\0004\000\040\000I\000n\000d\000e\000p\000e\000n\000d\000e\000n\000c\000e\000\040\000a\000n\000d\000\040\000c\000o\000n\000d\000i\000t\000i\000o\000n\000a\000l\000\040\000i\000n\000d\000e\000p\000e\000n\000d\000e\000n\000c\000e}{section.0.2}% 6
\BOOKMARK [2][]{subsection.0.2.5}{\376\377\0000\000.\0002\000.\0005\000\040\000Q\000u\000a\000n\000t\000i\000l\000e\000s}{section.0.2}% 7
\BOOKMARK [2][]{subsection.0.2.6}{\376\377\0000\000.\0002\000.\0006\000\040\000M\000e\000a\000n\000\040\000a\000n\000d\000\040\000v\000a\000r\000i\000a\000n\000c\000e}{section.0.2}% 8
\BOOKMARK [1][]{section.0.3}{\376\377\0000\000.\0003\000\040\000S\000o\000m\000e\000\040\000c\000o\000m\000m\000o\000n\000\040\000d\000i\000s\000c\000r\000e\000t\000e\000\040\000d\000i\000s\000t\000r\000i\000b\000u\000t\000i\000o\000n\000s}{}% 9
\BOOKMARK [2][]{subsection.0.3.1}{\376\377\0000\000.\0003\000.\0001\000\040\000T\000h\000e\000\040\000B\000e\000r\000n\000o\000u\000l\000l\000i\000\040\000a\000n\000d\000\040\000b\000i\000n\000o\000m\000i\000a\000l\000\040\000d\000i\000s\000t\000r\000i\000b\000u\000t\000i\000o\000n\000s}{section.0.3}% 10
\BOOKMARK [2][]{subsection.0.3.2}{\376\377\0000\000.\0003\000.\0002\000\040\000T\000h\000e\000\040\000m\000u\000l\000t\000i\000n\000o\000u\000l\000l\000i\000\040\000a\000n\000d\000\040\000m\000u\000l\000t\000i\000n\000o\000m\000i\000a\000l\000\040\000d\000i\000s\000t\000r\000i\000b\000u\000t\000i\000o\000n\000s}{section.0.3}% 11
\BOOKMARK [2][]{subsection.0.3.3}{\376\377\0000\000.\0003\000.\0003\000\040\000T\000h\000e\000\040\000P\000o\000i\000s\000s\000o\000n\000\040\000d\000i\000s\000t\000r\000i\000b\000u\000t\000i\000o\000n}{section.0.3}% 12
\BOOKMARK [2][]{subsection.0.3.4}{\376\377\0000\000.\0003\000.\0004\000\040\000T\000h\000e\000\040\000e\000m\000p\000i\000r\000i\000c\000a\000l\000\040\000d\000i\000s\000t\000r\000i\000b\000u\000t\000i\000o\000n}{section.0.3}% 13
\BOOKMARK [1][]{section.0.4}{\376\377\0000\000.\0004\000\040\000S\000o\000m\000e\000\040\000c\000o\000m\000m\000o\000n\000\040\000c\000o\000n\000t\000i\000n\000u\000o\000u\000s\000\040\000d\000i\000s\000t\000r\000i\000b\000u\000t\000i\000o\000n\000s}{}% 14
\BOOKMARK [2][]{subsection.0.4.1}{\376\377\0000\000.\0004\000.\0001\000\040\000G\000a\000u\000s\000s\000i\000a\000n\000\040\000\050\000n\000o\000r\000m\000a\000l\000\051\000\040\000d\000i\000s\000t\000r\000i\000b\000u\000t\000i\000o\000n}{section.0.4}% 15
\BOOKMARK [2][]{subsection.0.4.2}{\376\377\0000\000.\0004\000.\0002\000\040\000S\000t\000u\000d\000e\000n\000t\000'\000s\000\040\000t\000-\000d\000i\000s\000t\000r\000i\000b\000u\000t\000i\000o\000n}{section.0.4}% 16
\BOOKMARK [2][]{subsection.0.4.3}{\376\377\0000\000.\0004\000.\0003\000\040\000T\000h\000e\000\040\000L\000a\000p\000l\000a\000c\000e\000\040\000d\000i\000s\000t\000r\000i\000b\000u\000t\000i\000o\000n}{section.0.4}% 17
\BOOKMARK [2][]{subsection.0.4.4}{\376\377\0000\000.\0004\000.\0004\000\040\000T\000h\000e\000\040\000g\000a\000m\000m\000a\000\040\000d\000i\000s\000t\000r\000i\000b\000u\000t\000i\000o\000n}{section.0.4}% 18
\BOOKMARK [2][]{subsection.0.4.5}{\376\377\0000\000.\0004\000.\0005\000\040\000T\000h\000e\000\040\000b\000e\000t\000a\000\040\000d\000i\000s\000t\000r\000i\000b\000u\000t\000i\000o\000n}{section.0.4}% 19
\BOOKMARK [2][]{subsection.0.4.6}{\376\377\0000\000.\0004\000.\0006\000\040\000P\000a\000r\000e\000t\000o\000\040\000d\000i\000s\000t\000r\000i\000b\000u\000t\000i\000o\000n}{section.0.4}% 20
\BOOKMARK [1][]{section.0.5}{\376\377\0000\000.\0005\000\040\000J\000o\000i\000n\000t\000\040\000p\000r\000o\000b\000a\000b\000i\000l\000i\000t\000y\000\040\000d\000i\000s\000t\000r\000i\000b\000u\000t\000i\000o\000n\000s}{}% 21
\BOOKMARK [2][]{subsection.0.5.1}{\376\377\0000\000.\0005\000.\0001\000\040\000C\000o\000v\000a\000r\000i\000a\000n\000c\000e\000\040\000a\000n\000d\000\040\000c\000o\000r\000r\000e\000l\000a\000t\000i\000o\000n}{section.0.5}% 22
\BOOKMARK [2][]{subsection.0.5.2}{\376\377\0000\000.\0005\000.\0002\000\040\000M\000u\000l\000t\000i\000v\000a\000r\000i\000a\000t\000e\000\040\000G\000a\000u\000s\000s\000i\000a\000n\000\040\000d\000i\000s\000t\000r\000i\000b\000u\000t\000i\000o\000n}{section.0.5}% 23
\BOOKMARK [2][]{subsection.0.5.3}{\376\377\0000\000.\0005\000.\0003\000\040\000M\000u\000l\000t\000i\000v\000a\000r\000i\000a\000t\000e\000\040\000S\000t\000u\000d\000e\000n\000t\000'\000s\000\040\000t\000-\000d\000i\000s\000t\000r\000i\000b\000u\000t\000i\000o\000n}{section.0.5}% 24
\BOOKMARK [2][]{subsection.0.5.4}{\376\377\0000\000.\0005\000.\0004\000\040\000D\000i\000r\000i\000c\000h\000l\000e\000t\000\040\000d\000i\000s\000t\000r\000i\000b\000u\000t\000i\000o\000n}{section.0.5}% 25
\BOOKMARK [1][]{section.0.6}{\376\377\0000\000.\0006\000\040\000T\000r\000a\000n\000s\000f\000o\000r\000m\000a\000t\000i\000o\000n\000s\000\040\000o\000f\000\040\000r\000a\000n\000d\000o\000m\000\040\000v\000a\000r\000i\000a\000b\000l\000e\000s}{}% 26
\BOOKMARK [2][]{subsection.0.6.1}{\376\377\0000\000.\0006\000.\0001\000\040\000L\000i\000n\000e\000a\000r\000\040\000t\000r\000a\000n\000s\000f\000o\000r\000m\000a\000t\000i\000o\000n\000s}{section.0.6}% 27
\BOOKMARK [2][]{subsection.0.6.2}{\376\377\0000\000.\0006\000.\0002\000\040\000G\000e\000n\000e\000r\000a\000l\000\040\000t\000r\000a\000n\000s\000f\000o\000r\000m\000a\000t\000i\000o\000n\000s}{section.0.6}% 28
\BOOKMARK [2][]{subsection.0.6.3}{\376\377\0000\000.\0006\000.\0003\000\040\000C\000e\000n\000t\000r\000a\000l\000\040\000l\000i\000m\000i\000t\000\040\000t\000h\000e\000o\000r\000e\000m}{section.0.6}% 29
\BOOKMARK [1][]{section.0.7}{\376\377\0000\000.\0007\000\040\000M\000o\000n\000t\000e\000\040\000C\000a\000r\000l\000o\000\040\000a\000p\000p\000r\000o\000x\000i\000m\000a\000t\000i\000o\000n}{}% 30
\BOOKMARK [1][]{section.0.8}{\376\377\0000\000.\0008\000\040\000I\000n\000f\000o\000r\000m\000a\000t\000i\000o\000n\000\040\000t\000h\000e\000o\000r\000y}{}% 31
\BOOKMARK [2][]{subsection.0.8.1}{\376\377\0000\000.\0008\000.\0001\000\040\000E\000n\000t\000r\000o\000p\000y}{section.0.8}% 32
\BOOKMARK [2][]{subsection.0.8.2}{\376\377\0000\000.\0008\000.\0002\000\040\000K\000L\000\040\000d\000i\000v\000e\000r\000g\000e\000n\000c\000e}{section.0.8}% 33
\BOOKMARK [2][]{subsection.0.8.3}{\376\377\0000\000.\0008\000.\0003\000\040\000M\000u\000t\000u\000a\000l\000\040\000i\000n\000f\000o\000r\000m\000a\000t\000i\000o\000n}{section.0.8}% 34
